CRITICAL - 2025-01-07 12:01:42 --> ErrorException: include(C:\xampp\htdocs\website_dzkyhzl\vendor\composer/../../app/Controllers/BaseController.php): Failed to open stream: No such file or directory
[Method: GET, Route: /]
in VENDORPATH\composer\ClassLoader.php on line 576.
 1 VENDORPATH\composer\ClassLoader.php(576): CodeIgniter\Debug\Exceptions->errorHandler(2, 'include(C:\\xampp\\htdocs\\website_dzkyhzl\\vendor\\composer/../../app/Controllers/BaseController.php): Failed to open stream: No such file or directory', 'C:\\xampp\\htdocs\\website_dzkyhzl\\vendor\\composer\\ClassLoader.php', 576)
 2 VENDORPATH\composer\ClassLoader.php(576): include()
 3 VENDORPATH\composer\ClassLoader.php(427): Composer\Autoload\{closure}('C:\\xampp\\htdocs\\website_dzkyhzl\\vendor\\composer/../../app/Controllers/BaseController.php')
 4 APPPATH\Controllers\Home.php(5): Composer\Autoload\ClassLoader->loadClass('App\\Controllers\\BaseController')
 5 VENDORPATH\composer\ClassLoader.php(576): include('C:\\xampp\\htdocs\\website_dzkyhzl\\app\\Controllers\\Home.php')
 6 VENDORPATH\composer\ClassLoader.php(427): Composer\Autoload\{closure}('C:\\xampp\\htdocs\\website_dzkyhzl\\vendor\\composer/../../app/Controllers/Home.php')
 7 [internal function]: Composer\Autoload\ClassLoader->loadClass('App\\Controllers\\Home')
 8 SYSTEMPATH\CodeIgniter.php(887): class_exists('\\App\\Controllers\\Home', true)
 9 SYSTEMPATH\CodeIgniter.php(496): CodeIgniter\CodeIgniter->startController()
10 SYSTEMPATH\CodeIgniter.php(355): CodeIgniter\CodeIgniter->handleRequest(null, Object(Config\Cache), false)
11 SYSTEMPATH\Boot.php(325): CodeIgniter\CodeIgniter->run()
12 SYSTEMPATH\Boot.php(67): CodeIgniter\Boot::runCodeIgniter(Object(CodeIgniter\CodeIgniter))
13 FCPATH\index.php(56): CodeIgniter\Boot::bootWeb(Object(Config\Paths))
CRITICAL - 2025-01-07 12:02:16 --> ErrorException: include(C:\xampp\htdocs\website_dzkyhzl\vendor\composer/../../app/Controllers/BaseController.php): Failed to open stream: No such file or directory
[Method: GET, Route: /]
in VENDORPATH\composer\ClassLoader.php on line 576.
 1 VENDORPATH\composer\ClassLoader.php(576): CodeIgniter\Debug\Exceptions->errorHandler(2, 'include(C:\\xampp\\htdocs\\website_dzkyhzl\\vendor\\composer/../../app/Controllers/BaseController.php): Failed to open stream: No such file or directory', 'C:\\xampp\\htdocs\\website_dzkyhzl\\vendor\\composer\\ClassLoader.php', 576)
 2 VENDORPATH\composer\ClassLoader.php(576): include()
 3 VENDORPATH\composer\ClassLoader.php(427): Composer\Autoload\{closure}('C:\\xampp\\htdocs\\website_dzkyhzl\\vendor\\composer/../../app/Controllers/BaseController.php')
 4 APPPATH\Controllers\Home.php(5): Composer\Autoload\ClassLoader->loadClass('App\\Controllers\\BaseController')
 5 VENDORPATH\composer\ClassLoader.php(576): include('C:\\xampp\\htdocs\\website_dzkyhzl\\app\\Controllers\\Home.php')
 6 VENDORPATH\composer\ClassLoader.php(427): Composer\Autoload\{closure}('C:\\xampp\\htdocs\\website_dzkyhzl\\vendor\\composer/../../app/Controllers/Home.php')
 7 [internal function]: Composer\Autoload\ClassLoader->loadClass('App\\Controllers\\Home')
 8 SYSTEMPATH\CodeIgniter.php(887): class_exists('\\App\\Controllers\\Home', true)
 9 SYSTEMPATH\CodeIgniter.php(496): CodeIgniter\CodeIgniter->startController()
10 SYSTEMPATH\CodeIgniter.php(355): CodeIgniter\CodeIgniter->handleRequest(null, Object(Config\Cache), false)
11 SYSTEMPATH\Boot.php(325): CodeIgniter\CodeIgniter->run()
12 SYSTEMPATH\Boot.php(67): CodeIgniter\Boot::runCodeIgniter(Object(CodeIgniter\CodeIgniter))
13 FCPATH\index.php(56): CodeIgniter\Boot::bootWeb(Object(Config\Paths))
CRITICAL - 2025-01-07 12:02:40 --> ErrorException: include(C:\xampp\htdocs\website_dzkyhzl\vendor\composer/../../app/Controllers/BaseController.php): Failed to open stream: No such file or directory
[Method: GET, Route: /]
in VENDORPATH\composer\ClassLoader.php on line 576.
 1 VENDORPATH\composer\ClassLoader.php(576): CodeIgniter\Debug\Exceptions->errorHandler(2, 'include(C:\\xampp\\htdocs\\website_dzkyhzl\\vendor\\composer/../../app/Controllers/BaseController.php): Failed to open stream: No such file or directory', 'C:\\xampp\\htdocs\\website_dzkyhzl\\vendor\\composer\\ClassLoader.php', 576)
 2 VENDORPATH\composer\ClassLoader.php(576): include()
 3 VENDORPATH\composer\ClassLoader.php(427): Composer\Autoload\{closure}('C:\\xampp\\htdocs\\website_dzkyhzl\\vendor\\composer/../../app/Controllers/BaseController.php')
 4 APPPATH\Controllers\Home.php(5): Composer\Autoload\ClassLoader->loadClass('App\\Controllers\\BaseController')
 5 VENDORPATH\composer\ClassLoader.php(576): include('C:\\xampp\\htdocs\\website_dzkyhzl\\app\\Controllers\\Home.php')
 6 VENDORPATH\composer\ClassLoader.php(427): Composer\Autoload\{closure}('C:\\xampp\\htdocs\\website_dzkyhzl\\vendor\\composer/../../app/Controllers/Home.php')
 7 [internal function]: Composer\Autoload\ClassLoader->loadClass('App\\Controllers\\Home')
 8 SYSTEMPATH\CodeIgniter.php(887): class_exists('\\App\\Controllers\\Home', true)
 9 SYSTEMPATH\CodeIgniter.php(496): CodeIgniter\CodeIgniter->startController()
10 SYSTEMPATH\CodeIgniter.php(355): CodeIgniter\CodeIgniter->handleRequest(null, Object(Config\Cache), false)
11 SYSTEMPATH\Boot.php(325): CodeIgniter\CodeIgniter->run()
12 SYSTEMPATH\Boot.php(67): CodeIgniter\Boot::runCodeIgniter(Object(CodeIgniter\CodeIgniter))
13 FCPATH\index.php(56): CodeIgniter\Boot::bootWeb(Object(Config\Paths))
CRITICAL - 2025-01-07 12:04:27 --> Error: Class "App\Controllers\BaseController" not found
[Method: GET, Route: /]
in APPPATH\Controllers\BaseController.php on line 8.
 1 VENDORPATH\composer\ClassLoader.php(576): include()
 2 VENDORPATH\composer\ClassLoader.php(427): Composer\Autoload\{closure}('C:\\xampp\\htdocs\\website_dzkyhzl\\vendor\\composer/../../app/Controllers/BaseController.php')
 3 APPPATH\Controllers\Home.php(5): Composer\Autoload\ClassLoader->loadClass('App\\Controllers\\BaseController')
 4 VENDORPATH\composer\ClassLoader.php(576): include('C:\\xampp\\htdocs\\website_dzkyhzl\\app\\Controllers\\Home.php')
 5 VENDORPATH\composer\ClassLoader.php(427): Composer\Autoload\{closure}('C:\\xampp\\htdocs\\website_dzkyhzl\\vendor\\composer/../../app/Controllers/Home.php')
 6 [internal function]: Composer\Autoload\ClassLoader->loadClass('App\\Controllers\\Home')
 7 SYSTEMPATH\CodeIgniter.php(887): class_exists('\\App\\Controllers\\Home', true)
 8 SYSTEMPATH\CodeIgniter.php(496): CodeIgniter\CodeIgniter->startController()
 9 SYSTEMPATH\CodeIgniter.php(355): CodeIgniter\CodeIgniter->handleRequest(null, Object(Config\Cache), false)
10 SYSTEMPATH\Boot.php(325): CodeIgniter\CodeIgniter->run()
11 SYSTEMPATH\Boot.php(67): CodeIgniter\Boot::runCodeIgniter(Object(CodeIgniter\CodeIgniter))
12 FCPATH\index.php(56): CodeIgniter\Boot::bootWeb(Object(Config\Paths))
CRITICAL - 2025-01-07 12:05:07 --> Error: Class "App\Controllers\BaseController" not found
[Method: GET, Route: /]
in APPPATH\Controllers\BaseController.php on line 8.
 1 VENDORPATH\composer\ClassLoader.php(576): include()
 2 VENDORPATH\composer\ClassLoader.php(427): Composer\Autoload\{closure}('C:\\xampp\\htdocs\\website_dzkyhzl\\vendor\\composer/../../app/Controllers/BaseController.php')
 3 APPPATH\Controllers\Home.php(5): Composer\Autoload\ClassLoader->loadClass('App\\Controllers\\BaseController')
 4 VENDORPATH\composer\ClassLoader.php(576): include('C:\\xampp\\htdocs\\website_dzkyhzl\\app\\Controllers\\Home.php')
 5 VENDORPATH\composer\ClassLoader.php(427): Composer\Autoload\{closure}('C:\\xampp\\htdocs\\website_dzkyhzl\\vendor\\composer/../../app/Controllers/Home.php')
 6 [internal function]: Composer\Autoload\ClassLoader->loadClass('App\\Controllers\\Home')
 7 SYSTEMPATH\CodeIgniter.php(887): class_exists('\\App\\Controllers\\Home', true)
 8 SYSTEMPATH\CodeIgniter.php(496): CodeIgniter\CodeIgniter->startController()
 9 SYSTEMPATH\CodeIgniter.php(355): CodeIgniter\CodeIgniter->handleRequest(null, Object(Config\Cache), false)
10 SYSTEMPATH\Boot.php(325): CodeIgniter\CodeIgniter->run()
11 SYSTEMPATH\Boot.php(67): CodeIgniter\Boot::runCodeIgniter(Object(CodeIgniter\CodeIgniter))
12 FCPATH\index.php(56): CodeIgniter\Boot::bootWeb(Object(Config\Paths))
CRITICAL - 2025-01-07 12:05:17 --> Error: Class "App\Controllers\BaseController" not found
[Method: GET, Route: /]
in APPPATH\Controllers\BaseController.php on line 8.
 1 VENDORPATH\composer\ClassLoader.php(576): include()
 2 VENDORPATH\composer\ClassLoader.php(427): Composer\Autoload\{closure}('C:\\xampp\\htdocs\\website_dzkyhzl\\vendor\\composer/../../app/Controllers/BaseController.php')
 3 APPPATH\Controllers\Home.php(5): Composer\Autoload\ClassLoader->loadClass('App\\Controllers\\BaseController')
 4 VENDORPATH\composer\ClassLoader.php(576): include('C:\\xampp\\htdocs\\website_dzkyhzl\\app\\Controllers\\Home.php')
 5 VENDORPATH\composer\ClassLoader.php(427): Composer\Autoload\{closure}('C:\\xampp\\htdocs\\website_dzkyhzl\\vendor\\composer/../../app/Controllers/Home.php')
 6 [internal function]: Composer\Autoload\ClassLoader->loadClass('App\\Controllers\\Home')
 7 SYSTEMPATH\CodeIgniter.php(887): class_exists('\\App\\Controllers\\Home', true)
 8 SYSTEMPATH\CodeIgniter.php(496): CodeIgniter\CodeIgniter->startController()
 9 SYSTEMPATH\CodeIgniter.php(355): CodeIgniter\CodeIgniter->handleRequest(null, Object(Config\Cache), false)
10 SYSTEMPATH\Boot.php(325): CodeIgniter\CodeIgniter->run()
11 SYSTEMPATH\Boot.php(67): CodeIgniter\Boot::runCodeIgniter(Object(CodeIgniter\CodeIgniter))
12 FCPATH\index.php(56): CodeIgniter\Boot::bootWeb(Object(Config\Paths))
CRITICAL - 2025-01-07 12:11:21 --> Error: Class "App\Controllers\BaseController" not found
[Method: GET, Route: /]
in APPPATH\Controllers\BaseController.php on line 8.
 1 VENDORPATH\composer\ClassLoader.php(576): include()
 2 VENDORPATH\composer\ClassLoader.php(427): Composer\Autoload\{closure}('C:\\xampp\\htdocs\\website_dzkyhzl\\vendor\\composer/../../app/Controllers/BaseController.php')
 3 APPPATH\Controllers\Home.php(5): Composer\Autoload\ClassLoader->loadClass('App\\Controllers\\BaseController')
 4 VENDORPATH\composer\ClassLoader.php(576): include('C:\\xampp\\htdocs\\website_dzkyhzl\\app\\Controllers\\Home.php')
 5 VENDORPATH\composer\ClassLoader.php(427): Composer\Autoload\{closure}('C:\\xampp\\htdocs\\website_dzkyhzl\\vendor\\composer/../../app/Controllers/Home.php')
 6 [internal function]: Composer\Autoload\ClassLoader->loadClass('App\\Controllers\\Home')
 7 SYSTEMPATH\CodeIgniter.php(887): class_exists('\\App\\Controllers\\Home', true)
 8 SYSTEMPATH\CodeIgniter.php(496): CodeIgniter\CodeIgniter->startController()
 9 SYSTEMPATH\CodeIgniter.php(355): CodeIgniter\CodeIgniter->handleRequest(null, Object(Config\Cache), false)
10 SYSTEMPATH\Boot.php(325): CodeIgniter\CodeIgniter->run()
11 SYSTEMPATH\Boot.php(67): CodeIgniter\Boot::runCodeIgniter(Object(CodeIgniter\CodeIgniter))
12 FCPATH\index.php(56): CodeIgniter\Boot::bootWeb(Object(Config\Paths))
CRITICAL - 2025-01-07 12:11:23 --> Error: Class "App\Controllers\BaseController" not found
[Method: GET, Route: /]
in APPPATH\Controllers\BaseController.php on line 8.
 1 VENDORPATH\composer\ClassLoader.php(576): include()
 2 VENDORPATH\composer\ClassLoader.php(427): Composer\Autoload\{closure}('C:\\xampp\\htdocs\\website_dzkyhzl\\vendor\\composer/../../app/Controllers/BaseController.php')
 3 APPPATH\Controllers\Home.php(5): Composer\Autoload\ClassLoader->loadClass('App\\Controllers\\BaseController')
 4 VENDORPATH\composer\ClassLoader.php(576): include('C:\\xampp\\htdocs\\website_dzkyhzl\\app\\Controllers\\Home.php')
 5 VENDORPATH\composer\ClassLoader.php(427): Composer\Autoload\{closure}('C:\\xampp\\htdocs\\website_dzkyhzl\\vendor\\composer/../../app/Controllers/Home.php')
 6 [internal function]: Composer\Autoload\ClassLoader->loadClass('App\\Controllers\\Home')
 7 SYSTEMPATH\CodeIgniter.php(887): class_exists('\\App\\Controllers\\Home', true)
 8 SYSTEMPATH\CodeIgniter.php(496): CodeIgniter\CodeIgniter->startController()
 9 SYSTEMPATH\CodeIgniter.php(355): CodeIgniter\CodeIgniter->handleRequest(null, Object(Config\Cache), false)
10 SYSTEMPATH\Boot.php(325): CodeIgniter\CodeIgniter->run()
11 SYSTEMPATH\Boot.php(67): CodeIgniter\Boot::runCodeIgniter(Object(CodeIgniter\CodeIgniter))
12 FCPATH\index.php(56): CodeIgniter\Boot::bootWeb(Object(Config\Paths))
CRITICAL - 2025-01-07 12:12:43 --> Error: Class "App\Controllers\Controller" not found
[Method: GET, Route: /]
in APPPATH\Controllers\BaseController.php on line 8.
 1 VENDORPATH\composer\ClassLoader.php(576): include()
 2 VENDORPATH\composer\ClassLoader.php(427): Composer\Autoload\{closure}('C:\\xampp\\htdocs\\website_dzkyhzl\\vendor\\composer/../../app/Controllers/BaseController.php')
 3 APPPATH\Controllers\Home.php(5): Composer\Autoload\ClassLoader->loadClass('App\\Controllers\\BaseController')
 4 VENDORPATH\composer\ClassLoader.php(576): include('C:\\xampp\\htdocs\\website_dzkyhzl\\app\\Controllers\\Home.php')
 5 VENDORPATH\composer\ClassLoader.php(427): Composer\Autoload\{closure}('C:\\xampp\\htdocs\\website_dzkyhzl\\vendor\\composer/../../app/Controllers/Home.php')
 6 [internal function]: Composer\Autoload\ClassLoader->loadClass('App\\Controllers\\Home')
 7 SYSTEMPATH\CodeIgniter.php(887): class_exists('\\App\\Controllers\\Home', true)
 8 SYSTEMPATH\CodeIgniter.php(496): CodeIgniter\CodeIgniter->startController()
 9 SYSTEMPATH\CodeIgniter.php(355): CodeIgniter\CodeIgniter->handleRequest(null, Object(Config\Cache), false)
10 SYSTEMPATH\Boot.php(325): CodeIgniter\CodeIgniter->run()
11 SYSTEMPATH\Boot.php(67): CodeIgniter\Boot::runCodeIgniter(Object(CodeIgniter\CodeIgniter))
12 FCPATH\index.php(56): CodeIgniter\Boot::bootWeb(Object(Config\Paths))
INFO - 2025-01-07 12:13:12 --> Session: Class initialized using 'CodeIgniter\Session\Handlers\FileHandler' driver.
INFO - 2025-01-07 12:14:09 --> Session: Class initialized using 'CodeIgniter\Session\Handlers\FileHandler' driver.
INFO - 2025-01-07 12:15:28 --> Session: Class initialized using 'CodeIgniter\Session\Handlers\FileHandler' driver.
INFO - 2025-01-07 12:16:38 --> Session: Class initialized using 'CodeIgniter\Session\Handlers\FileHandler' driver.
INFO - 2025-01-07 12:17:25 --> Session: Class initialized using 'CodeIgniter\Session\Handlers\FileHandler' driver.
INFO - 2025-01-07 12:20:38 --> Session: Class initialized using 'CodeIgniter\Session\Handlers\FileHandler' driver.
INFO - 2025-01-07 12:20:40 --> Session: Class initialized using 'CodeIgniter\Session\Handlers\FileHandler' driver.
INFO - 2025-01-07 12:21:29 --> Session: Class initialized using 'CodeIgniter\Session\Handlers\FileHandler' driver.
INFO - 2025-01-07 12:21:31 --> Session: Class initialized using 'CodeIgniter\Session\Handlers\FileHandler' driver.
